\BOOKMARK [1][-]{section.1}{\376\377\000I\000n\000t\000r\000o\000d\000u\000c\000t\000i\000o\000n}{}% 1
\BOOKMARK [2][-]{subsection.1.1}{\376\377\000P\000r\000o\000j\000e\000c\000t\000\040\000A\000i\000m}{section.1}% 2
\BOOKMARK [3][-]{subsubsection.1.1.1}{\376\377\000D\000a\000t\000a\000\040\000p\000r\000e\000-\000p\000r\000o\000c\000e\000s\000s\000i\000n\000g}{subsection.1.1}% 3
\BOOKMARK [3][-]{subsubsection.1.1.2}{\376\377\000D\000a\000t\000a\000\040\000p\000r\000e\000p\000a\000r\000a\000t\000i\000o\000n}{subsection.1.1}% 4
\BOOKMARK [3][-]{subsubsection.1.1.3}{\376\377\000M\000L\000P\000\040\000d\000e\000s\000i\000g\000n}{subsection.1.1}% 5
\BOOKMARK [3][-]{subsubsection.1.1.4}{\376\377\000M\000a\000t\000h\000e\000m\000a\000t\000i\000c\000a\000l\000\040\000m\000o\000d\000e\000l\000s}{subsection.1.1}% 6
\BOOKMARK [3][-]{subsubsection.1.1.5}{\376\377\000S\000i\000m\000u\000l\000a\000t\000i\000o\000n\000\040\000m\000o\000d\000e\000l\000s}{subsection.1.1}% 7
\BOOKMARK [3][-]{subsubsection.1.1.6}{\376\377\000S\000i\000m\000u\000l\000a\000t\000i\000o\000n\000\040\000r\000e\000s\000u\000l\000t\000s}{subsection.1.1}% 8
\BOOKMARK [3][-]{subsubsection.1.1.7}{\376\377\000E\000v\000a\000l\000u\000a\000t\000i\000o\000n}{subsection.1.1}% 9
\BOOKMARK [2][-]{subsection.1.2}{\376\377\000B\000a\000c\000k\000g\000r\000o\000u\000n\000d}{section.1}% 10
\BOOKMARK [1][-]{section.2}{\376\377\000T\000h\000e\000o\000r\000y\000\040\000a\000n\000d\000\040\000M\000e\000t\000h\000o\000d\000o\000l\000o\000g\000y}{}% 11
\BOOKMARK [2][-]{subsection.2.1}{\376\377\000S\000y\000s\000t\000e\000m}{section.2}% 12
\BOOKMARK [2][-]{subsection.2.2}{\376\377\000M\000o\000d\000e\000l}{section.2}% 13
\BOOKMARK [3][-]{subsubsection.2.2.1}{\376\377\000L\000i\000n\000e\000a\000r\000\040\000o\000r\000\040\000n\000o\000n\000-\000l\000i\000n\000e\000a\000r\000:}{subsection.2.2}% 14
\BOOKMARK [3][-]{subsubsection.2.2.2}{\376\377\000S\000t\000a\000t\000i\000c\000\040\000o\000r\000\040\000d\000y\000n\000a\000m\000i\000c\000:}{subsection.2.2}% 15
\BOOKMARK [3][-]{subsubsection.2.2.3}{\376\377\000E\000x\000t\000e\000r\000n\000a\000l\000l\000y\000\040\000i\000n\000f\000l\000u\000e\000n\000c\000e\000d\000\040\000o\000r\000\040\000a\000u\000t\000o\000n\000o\000m\000o\000u\000s\000:}{subsection.2.2}% 16
\BOOKMARK [3][-]{subsubsection.2.2.4}{\376\377\000L\000o\000c\000a\000t\000i\000o\000n\000\040\000d\000e\000p\000e\000n\000d\000e\000n\000t\000\040\000o\000r\000\040\000i\000n\000d\000e\000p\000e\000n\000d\000e\000n\000t\000:}{subsection.2.2}% 17
\BOOKMARK [3][-]{subsubsection.2.2.5}{\376\377\000D\000e\000t\000e\000r\000m\000i\000n\000i\000s\000t\000i\000c\000\040\000o\000r\000\040\000s\000t\000o\000c\000h\000a\000s\000t\000i\000c\000:}{subsection.2.2}% 18
\BOOKMARK [3][-]{subsubsection.2.2.6}{\376\377\000T\000i\000m\000e\000-\000i\000n\000v\000a\000r\000i\000a\000n\000t\000\040\000o\000r\000\040\000t\000i\000m\000e\000-\000v\000a\000r\000i\000a\000n\000t\000:}{subsection.2.2}% 19
\BOOKMARK [3][-]{subsubsection.2.2.7}{\376\377\000T\000i\000m\000e\000\040\000c\000o\000n\000t\000i\000n\000u\000o\000u\000s\000\040\000o\000r\000\040\000d\000i\000s\000c\000r\000e\000t\000e\000:}{subsection.2.2}% 20
\BOOKMARK [3][-]{subsubsection.2.2.8}{\376\377\000M\000o\000d\000e\000l\000\040\000o\000f\000\040\000b\000e\000h\000a\000v\000i\000o\000r}{subsection.2.2}% 21
\BOOKMARK [3][-]{subsubsection.2.2.9}{\376\377\000S\000y\000s\000t\000e\000m\000\040\000m\000o\000d\000e\000l}{subsection.2.2}% 22
\BOOKMARK [2][-]{subsection.2.3}{\376\377\000S\000i\000m\000u\000l\000a\000t\000i\000o\000n}{section.2}% 23
\BOOKMARK [2][-]{subsection.2.4}{\376\377\000S\000o\000f\000t\000\040\000C\000o\000m\000p\000u\000t\000i\000n\000g}{section.2}% 24
\BOOKMARK [3][-]{subsubsection.2.4.1}{\376\377\000A\000r\000t\000i\000f\000i\000c\000i\000a\000l\000\040\000N\000e\000u\000r\000a\000l\000\040\000N\000e\000t\000w\000o\000r\000k\000\040\000\050\000A\000N\000N\000\051}{subsection.2.4}% 25
\BOOKMARK [3][-]{subsubsection.2.4.2}{\376\377\000M\000u\000l\000t\000i\000-\000L\000a\000y\000e\000r\000\040\000P\000e\000r\000c\000e\000p\000t\000r\000o\000n\000\040\000\050\000M\000L\000P\000\051}{subsection.2.4}% 26
\BOOKMARK [3][-]{subsubsection.2.4.3}{\376\377\000M\000u\000l\000t\000i\000-\000L\000a\000y\000e\000r\000\040\000P\000e\000r\000c\000e\000p\000t\000r\000o\000n\000\040\000\050\000M\000L\000P\000\051\000\040\000D\000e\000s\000i\000g\000n}{subsection.2.4}% 27
\BOOKMARK [2][-]{subsection.2.5}{\376\377\000M\000a\000r\000k\000o\000v\000\040\000M\000o\000d\000e\000l}{section.2}% 28
\BOOKMARK [3][-]{subsubsection.2.5.1}{\376\377\000F\000a\000i\000l\000u\000r\000e\000\040\000r\000a\000t\000e}{subsection.2.5}% 29
\BOOKMARK [3][-]{subsubsection.2.5.2}{\376\377\000R\000e\000d\000u\000n\000d\000a\000n\000c\000y}{subsection.2.5}% 30
\BOOKMARK [3][-]{subsubsection.2.5.3}{\376\377\000M\000a\000r\000k\000o\000v\000\040\000m\000o\000d\000e\000l\000:\000\040\000E\000v\000a\000l\000u\000a\000t\000i\000o\000n\000\040\000o\000f\000\040\000r\000e\000l\000i\000a\000b\000i\000l\000i\000t\000y}{subsection.2.5}% 31
\BOOKMARK [2][-]{subsection.2.6}{\376\377\000M\000e\000t\000h\000o\000d\000o\000l\000o\000g\000y}{section.2}% 32
\BOOKMARK [1][-]{section.3}{\376\377\000D\000a\000t\000a\000\040\000p\000r\000e\000-\000p\000r\000o\000c\000e\000s\000s\000i\000n\000g}{}% 33
\BOOKMARK [2][-]{subsection.3.1}{\376\377\000A\000t\000y\000p\000i\000c\000a\000l\000\040\000v\000a\000l\000u\000e\000s}{section.3}% 34
\BOOKMARK [3][-]{subsubsection.3.1.1}{\376\377\000S\000e\000n\000s\000o\000r\000\040\000d\000e\000f\000e\000c\000t}{subsection.3.1}% 35
\BOOKMARK [3][-]{subsubsection.3.1.2}{\376\377\000R\000e\000d\000u\000n\000d\000a\000n\000t\000\040\000d\000a\000t\000a}{subsection.3.1}% 36
\BOOKMARK [3][-]{subsubsection.3.1.3}{\376\377\000M\000e\000a\000s\000u\000r\000i\000n\000g\000\040\000e\000r\000r\000o\000r\000s}{subsection.3.1}% 37
\BOOKMARK [1][-]{section.4}{\376\377\000D\000a\000t\000a\000\040\000p\000r\000e\000p\000a\000r\000a\000t\000i\000o\000n}{}% 38
\BOOKMARK [2][-]{subsection.4.1}{\376\377\000C\000o\000n\000s\000i\000d\000e\000r\000a\000t\000i\000o\000n\000s}{section.4}% 39
\BOOKMARK [2][-]{subsection.4.2}{\376\377\000D\000a\000t\000a}{section.4}% 40
\BOOKMARK [3][-]{subsubsection.4.2.1}{\376\377\000T\000r\000a\000i\000n\000i\000n\000g\000\040\000d\000a\000t\000a}{subsection.4.2}% 41
\BOOKMARK [3][-]{subsubsection.4.2.2}{\376\377\000T\000e\000s\000t\000\040\000d\000a\000t\000a}{subsection.4.2}% 42
\BOOKMARK [1][-]{section.5}{\376\377\000M\000L\000P\000\040\000d\000e\000s\000i\000g\000n}{}% 43
\BOOKMARK [2][-]{subsection.5.1}{\376\377\000P\000a\000r\000a\000m\000e\000t\000e\000r\000s}{section.5}% 44
\BOOKMARK [3][-]{subsubsection.5.1.1}{\376\377\000B\000e\000f\000o\000r\000e\000\040\000p\000r\000u\000n\000i\000n\000g}{subsection.5.1}% 45
\BOOKMARK [3][-]{subsubsection.5.1.2}{\376\377\000A\000f\000t\000e\000r\000\040\000p\000r\000u\000n\000i\000n\000g}{subsection.5.1}% 46
\BOOKMARK [1][-]{section.6}{\376\377\000M\000a\000t\000h\000e\000m\000a\000t\000i\000c\000a\000l\000\040\000m\000o\000d\000e\000l\000s}{}% 47
\BOOKMARK [2][-]{subsection.6.1}{\376\377\000C\000a\000l\000c\000u\000l\000a\000t\000i\000o\000n\000s}{section.6}% 48
\BOOKMARK [2][-]{subsection.6.2}{\376\377\000E\000x\000p\000e\000c\000t\000e\000d\000\040\000r\000e\000s\000u\000l\000t\000s}{section.6}% 49
\BOOKMARK [1][-]{section.7}{\376\377\000S\000i\000m\000u\000l\000a\000t\000i\000o\000n\000\040\000m\000o\000d\000e\000l\000s}{}% 50
\BOOKMARK [2][-]{subsection.7.1}{\376\377\000S\000i\000m\000u\000l\000a\000t\000i\000o\000n\000\040\000p\000a\000r\000a\000m\000e\000t\000e\000r\000s}{section.7}% 51
\BOOKMARK [2][-]{subsection.7.2}{\376\377\000C\000o\000n\000n\000e\000c\000t\000i\000o\000n\000s}{section.7}% 52
\BOOKMARK [2][-]{subsection.7.3}{\376\377\000C\000o\000m\000p\000a\000r\000i\000s\000o\000n}{section.7}% 53
\BOOKMARK [3][-]{subsubsection.7.3.1}{\376\377\000C\000l\000a\000s\000s\000i\000c\000a\000l\000\040\000M\000a\000r\000k\000o\000v\000\040\000m\000o\000d\000e\000l}{subsection.7.3}% 54
\BOOKMARK [3][-]{subsubsection.7.3.2}{\376\377\000H\000y\000b\000r\000i\000d\000\040\000M\000a\000r\000k\000o\000v\000\040\000m\000o\000d\000e\000l}{subsection.7.3}% 55
\BOOKMARK [1][-]{section.8}{\376\377\000S\000i\000m\000u\000l\000a\000t\000i\000o\000n\000\040\000r\000e\000s\000u\000l\000t\000s}{}% 56
\BOOKMARK [2][-]{subsection.8.1}{\376\377\000R\000a\000w\000\040\000r\000e\000s\000u\000l\000t\000s}{section.8}% 57
\BOOKMARK [2][-]{subsection.8.2}{\376\377\000C\000o\000m\000p\000a\000r\000i\000s\000o\000n}{section.8}% 58
\BOOKMARK [3][-]{subsubsection.8.2.1}{\376\377\000C\000l\000a\000s\000s\000i\000c\000a\000l\000\040\000M\000a\000r\000k\000o\000v\000\040\000m\000o\000d\000e\000l}{subsection.8.2}% 59
\BOOKMARK [3][-]{subsubsection.8.2.2}{\376\377\000H\000y\000b\000r\000i\000d\000\040\000M\000a\000r\000k\000o\000v\000\040\000m\000o\000d\000e\000l}{subsection.8.2}% 60
\BOOKMARK [1][-]{section.9}{\376\377\000E\000v\000a\000l\000u\000a\000t\000i\000o\000n}{}% 61
\BOOKMARK [2][-]{subsection.9.1}{\376\377\000C\000o\000m\000p\000a\000r\000i\000s\000o\000n}{section.9}% 62
\BOOKMARK [3][-]{subsubsection.9.1.1}{\376\377\000D\000y\000n\000a\000m\000i\000c\000s\000:\000\040\000C\000l\000a\000s\000s\000i\000c\000a\000l\000\040\000M\000a\000r\000k\000o\000v\000\040\000m\000o\000d\000e\000l}{subsection.9.1}% 63
\BOOKMARK [3][-]{subsubsection.9.1.2}{\376\377\000D\000y\000n\000a\000m\000i\000c\000s\000:\000\040\000H\000y\000b\000r\000i\000d\000\040\000M\000a\000r\000k\000o\000v\000\040\000m\000o\000d\000e\000l}{subsection.9.1}% 64
\BOOKMARK [1][-]{section.10}{\376\377\000C\000o\000n\000c\000l\000u\000s\000i\000o\000n}{}% 65
\BOOKMARK [1][-]{section*.58}{\376\377\000A\000p\000p\000e\000n\000d\000i\000c\000e\000s}{}% 66
\BOOKMARK [1][-]{appendix.a.A}{\376\377\000A\000p\000p\000e\000n\000d\000i\000x\000\040\000o\000f\000\040\000c\000o\000d\000e\000s}{}% 67
\BOOKMARK [2][-]{subsection.a.A.1}{\376\377\000M\000a\000t\000l\000a\000b\000\040\000c\000o\000d\000e\000\040\000f\000o\000r\000\040\000d\000a\000t\000a\000\040\000p\000r\000e\000p\000a\000r\000a\000t\000i\000o\000n\000\040\000a\000n\000d\000\040\000p\000r\000e\000-\000p\000r\000o\000c\000e\000s\000s\000i\000n\000g}{appendix.a.A}% 68
\BOOKMARK [1][-]{appendix.a.B}{\376\377\000A\000p\000p\000e\000n\000d\000i\000x\000\040\000o\000f\000\040\000M\000L\000P\000\040\000d\000e\000s\000i\000g\000n}{}% 69
\BOOKMARK [2][-]{subsection.a.B.1}{\376\377\000B\000e\000f\000o\000r\000e\000\040\000p\000r\000u\000n\000i\000n\000g}{appendix.a.B}% 70
\BOOKMARK [2][-]{subsection.a.B.2}{\376\377\000A\000f\000t\000e\000r\000\040\000p\000r\000u\000n\000i\000n\000g}{appendix.a.B}% 71
\BOOKMARK [1][-]{appendix.a.C}{\376\377\000A\000p\000p\000e\000n\000d\000i\000x\000\040\000o\000f\000\040\000t\000a\000b\000l\000e\000s}{}% 72
\BOOKMARK [2][-]{subsection.a.C.1}{\376\377\000I\000n\000i\000t\000i\000a\000l\000\040\000s\000e\000t\000\040\000o\000f\000\040\000d\000a\000t\000a}{appendix.a.C}% 73
\BOOKMARK [1][-]{table.10}{\376\377\000R\000e\000f\000e\000r\000e\000n\000c\000e\000s}{}% 74
